Android_Plugin_GalleryAccess/Temp/gradleOut/unityLibrary/build/outputs/logs/manifest-merger-release-report.txt
-- Merging decision tree log ---
manifest
ADDED from src\main\AndroidManifest.xml:3:1-22:12
INJECTED from src\main\AndroidManifest.xml:3:1-22:12
INJECTED from src\main\AndroidManifest.xml:3:1-22:12
INJECTED from src\main\AndroidManifest.xml:3:1-22:12
INJECTED from src\main\AndroidManifest.xml:3:1-22:12
INJECTED from src\main\AndroidManifest.xml:3:1-22:12
INJECTED from src\main\AndroidManifest.xml:3:1-22:12
	package
		ADDED from src\main\AndroidManifest.xml:3:70-98
		INJECTED from src\main\AndroidManifest.xml
		INJECTED from src\main\AndroidManifest.xml
	android:versionName
		INJECTED from src\main\AndroidManifest.xml
		ADDED from src\main\AndroidManifest.xml:3:1-22:12
		INJECTED from src\main\AndroidManifest.xml
	xmlns:tools
		ADDED from src\main\AndroidManifest.xml:3:99-145
	android:versionCode
		INJECTED from src\main\AndroidManifest.xml
		ADDED from src\main\AndroidManifest.xml:3:1-22:12
		INJECTED from src\main\AndroidManifest.xml
	xmlns:android
		ADDED from src\main\AndroidManifest.xml:3:11-69
application
ADDED from src\main\AndroidManifest.xml:4:3-14:17
activity#com.unity3d.player.galleryAccess
ADDED from src\main\AndroidManifest.xml:5:5-6:242
	android:screenOrientation
		ADDED from src\main\AndroidManifest.xml:5:78-116
	android:label
		ADDED from src\main\AndroidManifest.xml:5:45-77
	android:launchMode
		ADDED from src\main\AndroidManifest.xml:5:117-148
	android:hardwareAccelerated
		ADDED from src\main\AndroidManifest.xml:5:307-342
	android:configChanges
		ADDED from src\main\AndroidManifest.xml:5:149-306
	android:theme
		ADDED from src\main\AndroidManifest.xml:5:343-384
	android:name
		ADDED from src\main\AndroidManifest.xml:5:15-44
intent-filter#action:name:android.intent.action.MAIN+category:name:android.intent.category.LAUNCHER
ADDED from src\main\AndroidManifest.xml:6:17-160
action#android.intent.action.MAIN
ADDED from src\main\AndroidManifest.xml:6:32-84
	android:name
		ADDED from src\main\AndroidManifest.xml:6:40-81
category#android.intent.category.LAUNCHER
ADDED from src\main\AndroidManifest.xml:6:84-144
	android:name
		ADDED from src\main\AndroidManifest.xml:6:94-141
meta-data#android.notch_support
ADDED from src\main\AndroidManifest.xml:6:160-231
	android:value
		ADDED from src\main\AndroidManifest.xml:6:208-228
	android:name
		ADDED from src\main\AndroidManifest.xml:6:171-207
activity#com.unity3d.player.UnityPlayerActivity
ADDED from src\main\AndroidManifest.xml:7:5-9:16
	android:screenOrientation
		ADDED from src\main\AndroidManifest.xml:7:144-182
	android:label
		ADDED from src\main\AndroidManifest.xml:7:69-101
	android:launchMode
		ADDED from src\main\AndroidManifest.xml:7:183-214
	android:hardwareAccelerated
		ADDED from src\main\AndroidManifest.xml:7:397-432
	android:configChanges
		ADDED from src\main\AndroidManifest.xml:7:215-396
	android:theme
		ADDED from src\main\AndroidManifest.xml:7:102-143
	android:name
		ADDED from src\main\AndroidManifest.xml:7:15-68
meta-data#unityplayer.UnityActivity
ADDED from src\main\AndroidManifest.xml:8:7-82
	android:value
		ADDED from src\main\AndroidManifest.xml:8:59-79
	android:name
		ADDED from src\main\AndroidManifest.xml:8:18-58
meta-data#unity.splash-mode
ADDED from src\main\AndroidManifest.xml:10:5-69
	android:value
		ADDED from src\main\AndroidManifest.xml:10:49-66
	android:name
		ADDED from src\main\AndroidManifest.xml:10:16-48
meta-data#unity.splash-enable
ADDED from src\main\AndroidManifest.xml:11:5-74
	android:value
		ADDED from src\main\AndroidManifest.xml:11:51-71
	android:name
		ADDED from src\main\AndroidManifest.xml:11:16-50
meta-data#notch.config
ADDED from src\main\AndroidManifest.xml:12:5-81
	android:value
		ADDED from src\main\AndroidManifest.xml:12:44-78
	android:name
		ADDED from src\main\AndroidManifest.xml:12:16-43
meta-data#unity.build-id
ADDED from src\main\AndroidManifest.xml:13:5-101
	android:value
		ADDED from src\main\AndroidManifest.xml:13:46-98
	android:name
		ADDED from src\main\AndroidManifest.xml:13:16-45
uses-feature#0x00030000
ADDED from src\main\AndroidManifest.xml:15:3-52
	android:glEsVersion
		ADDED from src\main\AndroidManifest.xml:15:17-49
uses-feature#android.hardware.vulkan.version
ADDED from src\main\AndroidManifest.xml:16:3-91
	android:required
		ADDED from src\main\AndroidManifest.xml:16:64-88
	android:name
		ADDED from src\main\AndroidManifest.xml:16:17-63
uses-permission#android.permission.INTERNET
ADDED from src\main\AndroidManifest.xml:17:3-65
	android:name
		ADDED from src\main\AndroidManifest.xml:17:20-62
uses-permission#android.permission.WRITE_EXTERNAL_STORAGE
ADDED from src\main\AndroidManifest.xml:18:3-79
	android:name
		ADDED from src\main\AndroidManifest.xml:18:20-76
uses-feature#android.hardware.touchscreen
ADDED from src\main\AndroidManifest.xml:19:3-88
	android:required
		ADDED from src\main\AndroidManifest.xml:19:61-85
	android:name
		ADDED from src\main\AndroidManifest.xml:19:17-60
uses-feature#android.hardware.touchscreen.multitouch
ADDED from src\main\AndroidManifest.xml:20:3-99
	android:required
		ADDED from src\main\AndroidManifest.xml:20:72-96
	android:name
		ADDED from src\main\AndroidManifest.xml:20:17-71
uses-feature#android.hardware.touchscreen.multitouch.distinct
ADDED from src\main\AndroidManifest.xml:21:3-108
	android:required
		ADDED from src\main\AndroidManifest.xml:21:81-105
	android:name
		ADDED from src\main\AndroidManifest.xml:21:17-80
uses-sdk
INJECTED from src\main\AndroidManifest.xml reason: use-sdk injection requested
INJECTED from src\main\AndroidManifest.xml
INJECTED from src\main\AndroidManifest.xml
INJECTED from src\main\AndroidManifest.xml
INJECTED from src\main\AndroidManifest.xml
	android:targetSdkVersion
		INJECTED from src\main\AndroidManifest.xml
		ADDED from src\main\AndroidManifest.xml
		INJECTED from src\main\AndroidManifest.xml
	android:minSdkVersion
		INJECTED from src\main\AndroidManifest.xml
		ADDED from src\main\AndroidManifest.xml
		INJECTED from src\main\AndroidManifest.xml